<?xml version="1.0" encoding="UTF-8"?>
<testng-results skipped="0" failed="0" ignored="0" total="1" passed="1">
  <reporter-output>
  </reporter-output>
  <suite name="Default suite" duration-ms="26459" started-at="2020-05-27T15:49:55 IST" finished-at="2020-05-27T15:50:22 IST">
    <groups>
    </groups>
    <test name="Default test" duration-ms="26459" started-at="2020-05-27T15:49:55 IST" finished-at="2020-05-27T15:50:22 IST">
      <class name="Demo.AutoITDemo">
        <test-method status="PASS" signature="test()[pri:0, instance:Demo.AutoITDemo@48503868]" name="test" duration-ms="26373" started-at="2020-05-27T15:49:55 IST" finished-at="2020-05-27T15:50:22 IST">
          <reporter-output>
          </reporter-output>
        </test-method> <!-- test -->
      </class> <!-- Demo.AutoITDemo -->
    </test> <!-- Default test -->
  </suite> <!-- Default suite -->
</testng-results>
