<?xml version="1.0" encoding="UTF-8"?>
<testng-results skipped="0" failed="0" ignored="0" total="1" passed="1">
  <reporter-output>
  </reporter-output>
  <suite name="Suite" duration-ms="3263" started-at="2020-05-06T16:13:29 IST" finished-at="2020-05-06T16:13:32 IST">
    <groups>
    </groups>
    <test name="Test" duration-ms="3263" started-at="2020-05-06T16:13:29 IST" finished-at="2020-05-06T16:13:32 IST">
      <class name="Demo.DataDrivenExample1">
        <test-method status="PASS" signature="test_delete2(int)[pri:0, instance:Demo.DataDrivenExample1@a7e666]" name="test_delete2" duration-ms="3189" started-at="2020-05-06T16:13:29 IST" finished-at="2020-05-06T16:13:32 IST">
          <params>
            <param index="0">
              <value>
                <![CDATA[37]]>
              </value>
            </param>
          </params>
          <reporter-output>
          </reporter-output>
        </test-method> <!-- test_delete2 -->
      </class> <!-- Demo.DataDrivenExample1 -->
    </test> <!-- Test -->
  </suite> <!-- Suite -->
</testng-results>
