<?xml version="1.0" encoding="UTF-8"?>
<!-- Generated by org.testng.reporters.JUnitXMLReporter -->
<testsuite hostname="LAPTOP-5NAGA1LD" ignored="0" name="Testonfirefox" tests="3" failures="0" timestamp="2020-05-25T15:35:08 IST" time="31.523" errors="0">
  <testcase name="test1" time="6.266" classname="Demo.TestNGMultiBrowserDemo"/>
  <testcase name="test1" time="5.09" classname="Demo.TestNGMultiBrowserDemo"/>
  <testcase name="test1" time="11.564" classname="Demo.TestNGMultiBrowserDemo"/>
</testsuite> <!-- Testonfirefox -->
